:::MLLOG {"namespace": "", "time_ms": 1630680457113, "event_type": "INTERVAL_START", "key": "init_start", "value": null, "metadata": {"file": "main.py", "lineno": 24}}
Distributed initialized. World size: 1
Using master seed from command line: 0
:::MLLOG {"namespace": "", "time_ms": 1630680458234, "event_type": "POINT_IN_TIME", "key": "seed", "value": 0, "metadata": {"file": "main.py", "lineno": 36}}
:::MLLOG {"namespace": "", "time_ms": 1630680458234, "event_type": "POINT_IN_TIME", "key": "submission_benchmark", "value": "unet3d", "metadata": {"file": "/home/changseok/gitmlperf/training/image_segmentation/pytorch/runtime/logging.py", "lineno": 61}}
:::MLLOG {"namespace": "", "time_ms": 1630680458235, "event_type": "POINT_IN_TIME", "key": "submission_org", "value": "your-company", "metadata": {"file": "/home/changseok/gitmlperf/training/image_segmentation/pytorch/runtime/logging.py", "lineno": 66}}
:::MLLOG {"namespace": "", "time_ms": 1630680458235, "event_type": "POINT_IN_TIME", "key": "submission_division", "value": "closed", "metadata": {"file": "/home/changseok/gitmlperf/training/image_segmentation/pytorch/runtime/logging.py", "lineno": 70}}
:::MLLOG {"namespace": "", "time_ms": 1630680458235, "event_type": "POINT_IN_TIME", "key": "submission_status", "value": "onprem", "metadata": {"file": "/home/changseok/gitmlperf/training/image_segmentation/pytorch/runtime/logging.py", "lineno": 74}}
:::MLLOG {"namespace": "", "time_ms": 1630680458236, "event_type": "POINT_IN_TIME", "key": "submission_platform", "value": "your_platform", "metadata": {"file": "/home/changseok/gitmlperf/training/image_segmentation/pytorch/runtime/logging.py", "lineno": 78}}
:::MLLOG {"namespace": "", "time_ms": 1630680458236, "event_type": "POINT_IN_TIME", "key": "opt_name", "value": "sgd", "metadata": {"file": "/home/changseok/gitmlperf/training/image_segmentation/pytorch/runtime/logging.py", "lineno": 84}}
:::MLLOG {"namespace": "", "time_ms": 1630680458236, "event_type": "POINT_IN_TIME", "key": "opt_base_learning_rate", "value": 0.8, "metadata": {"file": "/home/changseok/gitmlperf/training/image_segmentation/pytorch/runtime/logging.py", "lineno": 85}}
:::MLLOG {"namespace": "", "time_ms": 1630680458236, "event_type": "POINT_IN_TIME", "key": "opt_learning_rate_warmup_epochs", "value": 200, "metadata": {"file": "/home/changseok/gitmlperf/training/image_segmentation/pytorch/runtime/logging.py", "lineno": 86}}
:::MLLOG {"namespace": "", "time_ms": 1630680458236, "event_type": "POINT_IN_TIME", "key": "opt_learning_rate_decay_boundary_epochs", "value": [], "metadata": {"file": "/home/changseok/gitmlperf/training/image_segmentation/pytorch/runtime/logging.py", "lineno": 88}}
:::MLLOG {"namespace": "", "time_ms": 1630680458236, "event_type": "POINT_IN_TIME", "key": "opt_learning_rate_decay_factor", "value": 1.0, "metadata": {"file": "/home/changseok/gitmlperf/training/image_segmentation/pytorch/runtime/logging.py", "lineno": 89}}
:::MLLOG {"namespace": "", "time_ms": 1630680458236, "event_type": "POINT_IN_TIME", "key": "opt_weight_decay", "value": 0.0, "metadata": {"file": "/home/changseok/gitmlperf/training/image_segmentation/pytorch/runtime/logging.py", "lineno": 90}}
:::MLLOG {"namespace": "", "time_ms": 1630680458236, "event_type": "POINT_IN_TIME", "key": "opt_momentum", "value": 0.9, "metadata": {"file": "/home/changseok/gitmlperf/training/image_segmentation/pytorch/runtime/logging.py", "lineno": 91}}
:::MLLOG {"namespace": "", "time_ms": 1630680458236, "event_type": "POINT_IN_TIME", "key": "oversampling", "value": 0.4, "metadata": {"file": "/home/changseok/gitmlperf/training/image_segmentation/pytorch/runtime/logging.py", "lineno": 92}}
:::MLLOG {"namespace": "", "time_ms": 1630680458236, "event_type": "POINT_IN_TIME", "key": "training_input_shape", "value": [128, 128, 128], "metadata": {"file": "/home/changseok/gitmlperf/training/image_segmentation/pytorch/runtime/logging.py", "lineno": 93}}
:::MLLOG {"namespace": "", "time_ms": 1630680458236, "event_type": "POINT_IN_TIME", "key": "validation_input_shape", "value": [128, 128, 128], "metadata": {"file": "/home/changseok/gitmlperf/training/image_segmentation/pytorch/runtime/logging.py", "lineno": 94}}
:::MLLOG {"namespace": "", "time_ms": 1630680458237, "event_type": "POINT_IN_TIME", "key": "validation_overlap", "value": 0.5, "metadata": {"file": "/home/changseok/gitmlperf/training/image_segmentation/pytorch/runtime/logging.py", "lineno": 95}}
:::MLLOG {"namespace": "", "time_ms": 1630680458237, "event_type": "POINT_IN_TIME", "key": "weights_initialization", "value": null, "metadata": {"file": "/home/changseok/gitmlperf/training/image_segmentation/pytorch/model/layers.py", "lineno": 46, "tensor": "input_block_0_conv"}}
:::MLLOG {"namespace": "", "time_ms": 1630680458238, "event_type": "POINT_IN_TIME", "key": "weights_initialization", "value": null, "metadata": {"file": "/home/changseok/gitmlperf/training/image_segmentation/pytorch/model/layers.py", "lineno": 49, "tensor": "input_block_0_instancenorm"}}
:::MLLOG {"namespace": "", "time_ms": 1630680458239, "event_type": "POINT_IN_TIME", "key": "weights_initialization", "value": null, "metadata": {"file": "/home/changseok/gitmlperf/training/image_segmentation/pytorch/model/layers.py", "lineno": 46, "tensor": "input_block_1_conv"}}
:::MLLOG {"namespace": "", "time_ms": 1630680458239, "event_type": "POINT_IN_TIME", "key": "weights_initialization", "value": null, "metadata": {"file": "/home/changseok/gitmlperf/training/image_segmentation/pytorch/model/layers.py", "lineno": 49, "tensor": "input_block_1_instancenorm"}}
:::MLLOG {"namespace": "", "time_ms": 1630680458240, "event_type": "POINT_IN_TIME", "key": "weights_initialization", "value": null, "metadata": {"file": "/home/changseok/gitmlperf/training/image_segmentation/pytorch/model/layers.py", "lineno": 46, "tensor": "down0_block_0_conv"}}
:::MLLOG {"namespace": "", "time_ms": 1630680458240, "event_type": "POINT_IN_TIME", "key": "weights_initialization", "value": null, "metadata": {"file": "/home/changseok/gitmlperf/training/image_segmentation/pytorch/model/layers.py", "lineno": 49, "tensor": "down0_block_0_instancenorm"}}
:::MLLOG {"namespace": "", "time_ms": 1630680458241, "event_type": "POINT_IN_TIME", "key": "weights_initialization", "value": null, "metadata": {"file": "/home/changseok/gitmlperf/training/image_segmentation/pytorch/model/layers.py", "lineno": 46, "tensor": "down0_block_1_conv"}}
:::MLLOG {"namespace": "", "time_ms": 1630680458241, "event_type": "POINT_IN_TIME", "key": "weights_initialization", "value": null, "metadata": {"file": "/home/changseok/gitmlperf/training/image_segmentation/pytorch/model/layers.py", "lineno": 49, "tensor": "down0_block_1_instancenorm"}}
:::MLLOG {"namespace": "", "time_ms": 1630680458243, "event_type": "POINT_IN_TIME", "key": "weights_initialization", "value": null, "metadata": {"file": "/home/changseok/gitmlperf/training/image_segmentation/pytorch/model/layers.py", "lineno": 46, "tensor": "down1_block_0_conv"}}
:::MLLOG {"namespace": "", "time_ms": 1630680458244, "event_type": "POINT_IN_TIME", "key": "weights_initialization", "value": null, "metadata": {"file": "/home/changseok/gitmlperf/training/image_segmentation/pytorch/model/layers.py", "lineno": 49, "tensor": "down1_block_0_instancenorm"}}
:::MLLOG {"namespace": "", "time_ms": 1630680458247, "event_type": "POINT_IN_TIME", "key": "weights_initialization", "value": null, "metadata": {"file": "/home/changseok/gitmlperf/training/image_segmentation/pytorch/model/layers.py", "lineno": 46, "tensor": "down1_block_1_conv"}}
:::MLLOG {"namespace": "", "time_ms": 1630680458247, "event_type": "POINT_IN_TIME", "key": "weights_initialization", "value": null, "metadata": {"file": "/home/changseok/gitmlperf/training/image_segmentation/pytorch/model/layers.py", "lineno": 49, "tensor": "down1_block_1_instancenorm"}}
:::MLLOG {"namespace": "", "time_ms": 1630680458254, "event_type": "POINT_IN_TIME", "key": "weights_initialization", "value": null, "metadata": {"file": "/home/changseok/gitmlperf/training/image_segmentation/pytorch/model/layers.py", "lineno": 46, "tensor": "down2_block_0_conv"}}
:::MLLOG {"namespace": "", "time_ms": 1630680458254, "event_type": "POINT_IN_TIME", "key": "weights_initialization", "value": null, "metadata": {"file": "/home/changseok/gitmlperf/training/image_segmentation/pytorch/model/layers.py", "lineno": 49, "tensor": "down2_block_0_instancenorm"}}
:::MLLOG {"namespace": "", "time_ms": 1630680458267, "event_type": "POINT_IN_TIME", "key": "weights_initialization", "value": null, "metadata": {"file": "/home/changseok/gitmlperf/training/image_segmentation/pytorch/model/layers.py", "lineno": 46, "tensor": "down2_block_1_conv"}}
:::MLLOG {"namespace": "", "time_ms": 1630680458268, "event_type": "POINT_IN_TIME", "key": "weights_initialization", "value": null, "metadata": {"file": "/home/changseok/gitmlperf/training/image_segmentation/pytorch/model/layers.py", "lineno": 49, "tensor": "down2_block_1_instancenorm"}}
:::MLLOG {"namespace": "", "time_ms": 1630680458284, "event_type": "POINT_IN_TIME", "key": "weights_initialization", "value": null, "metadata": {"file": "/home/changseok/gitmlperf/training/image_segmentation/pytorch/model/layers.py", "lineno": 46, "tensor": "down3_block_0_conv"}}
:::MLLOG {"namespace": "", "time_ms": 1630680458284, "event_type": "POINT_IN_TIME", "key": "weights_initialization", "value": null, "metadata": {"file": "/home/changseok/gitmlperf/training/image_segmentation/pytorch/model/layers.py", "lineno": 49, "tensor": "down3_block_0_instancenorm"}}
:::MLLOG {"namespace": "", "time_ms": 1630680458304, "event_type": "POINT_IN_TIME", "key": "weights_initialization", "value": null, "metadata": {"file": "/home/changseok/gitmlperf/training/image_segmentation/pytorch/model/layers.py", "lineno": 46, "tensor": "down3_block_1_conv"}}
:::MLLOG {"namespace": "", "time_ms": 1630680458304, "event_type": "POINT_IN_TIME", "key": "weights_initialization", "value": null, "metadata": {"file": "/home/changseok/gitmlperf/training/image_segmentation/pytorch/model/layers.py", "lineno": 49, "tensor": "down3_block_1_instancenorm"}}
:::MLLOG {"namespace": "", "time_ms": 1630680458325, "event_type": "POINT_IN_TIME", "key": "weights_initialization", "value": null, "metadata": {"file": "/home/changseok/gitmlperf/training/image_segmentation/pytorch/model/layers.py", "lineno": 46, "tensor": "down4_block_0_conv"}}
:::MLLOG {"namespace": "", "time_ms": 1630680458325, "event_type": "POINT_IN_TIME", "key": "weights_initialization", "value": null, "metadata": {"file": "/home/changseok/gitmlperf/training/image_segmentation/pytorch/model/layers.py", "lineno": 49, "tensor": "down4_block_0_instancenorm"}}
:::MLLOG {"namespace": "", "time_ms": 1630680458345, "event_type": "POINT_IN_TIME", "key": "weights_initialization", "value": null, "metadata": {"file": "/home/changseok/gitmlperf/training/image_segmentation/pytorch/model/layers.py", "lineno": 46, "tensor": "down4_block_1_conv"}}
:::MLLOG {"namespace": "", "time_ms": 1630680458346, "event_type": "POINT_IN_TIME", "key": "weights_initialization", "value": null, "metadata": {"file": "/home/changseok/gitmlperf/training/image_segmentation/pytorch/model/layers.py", "lineno": 49, "tensor": "down4_block_1_instancenorm"}}
:::MLLOG {"namespace": "", "time_ms": 1630680458352, "event_type": "POINT_IN_TIME", "key": "weights_initialization", "value": null, "metadata": {"file": "/home/changseok/gitmlperf/training/image_segmentation/pytorch/model/layers.py", "lineno": 46, "tensor": "up0_deconv"}}
:::MLLOG {"namespace": "", "time_ms": 1630680458393, "event_type": "POINT_IN_TIME", "key": "weights_initialization", "value": null, "metadata": {"file": "/home/changseok/gitmlperf/training/image_segmentation/pytorch/model/layers.py", "lineno": 46, "tensor": "up0_block_0_conv"}}
:::MLLOG {"namespace": "", "time_ms": 1630680458393, "event_type": "POINT_IN_TIME", "key": "weights_initialization", "value": null, "metadata": {"file": "/home/changseok/gitmlperf/training/image_segmentation/pytorch/model/layers.py", "lineno": 49, "tensor": "up0_block_0_instancenorm"}}
:::MLLOG {"namespace": "", "time_ms": 1630680458413, "event_type": "POINT_IN_TIME", "key": "weights_initialization", "value": null, "metadata": {"file": "/home/changseok/gitmlperf/training/image_segmentation/pytorch/model/layers.py", "lineno": 46, "tensor": "up0_block_1_conv"}}
:::MLLOG {"namespace": "", "time_ms": 1630680458414, "event_type": "POINT_IN_TIME", "key": "weights_initialization", "value": null, "metadata": {"file": "/home/changseok/gitmlperf/training/image_segmentation/pytorch/model/layers.py", "lineno": 49, "tensor": "up0_block_1_instancenorm"}}
:::MLLOG {"namespace": "", "time_ms": 1630680458419, "event_type": "POINT_IN_TIME", "key": "weights_initialization", "value": null, "metadata": {"file": "/home/changseok/gitmlperf/training/image_segmentation/pytorch/model/layers.py", "lineno": 46, "tensor": "up1_deconv"}}
:::MLLOG {"namespace": "", "time_ms": 1630680458444, "event_type": "POINT_IN_TIME", "key": "weights_initialization", "value": null, "metadata": {"file": "/home/changseok/gitmlperf/training/image_segmentation/pytorch/model/layers.py", "lineno": 46, "tensor": "up1_block_0_conv"}}
:::MLLOG {"namespace": "", "time_ms": 1630680458445, "event_type": "POINT_IN_TIME", "key": "weights_initialization", "value": null, "metadata": {"file": "/home/changseok/gitmlperf/training/image_segmentation/pytorch/model/layers.py", "lineno": 49, "tensor": "up1_block_0_instancenorm"}}
:::MLLOG {"namespace": "", "time_ms": 1630680458458, "event_type": "POINT_IN_TIME", "key": "weights_initialization", "value": null, "metadata": {"file": "/home/changseok/gitmlperf/training/image_segmentation/pytorch/model/layers.py", "lineno": 46, "tensor": "up1_block_1_conv"}}
:::MLLOG {"namespace": "", "time_ms": 1630680458458, "event_type": "POINT_IN_TIME", "key": "weights_initialization", "value": null, "metadata": {"file": "/home/changseok/gitmlperf/training/image_segmentation/pytorch/model/layers.py", "lineno": 49, "tensor": "up1_block_1_instancenorm"}}
:::MLLOG {"namespace": "", "time_ms": 1630680458460, "event_type": "POINT_IN_TIME", "key": "weights_initialization", "value": null, "metadata": {"file": "/home/changseok/gitmlperf/training/image_segmentation/pytorch/model/layers.py", "lineno": 46, "tensor": "up2_deconv"}}
:::MLLOG {"namespace": "", "time_ms": 1630680458467, "event_type": "POINT_IN_TIME", "key": "weights_initialization", "value": null, "metadata": {"file": "/home/changseok/gitmlperf/training/image_segmentation/pytorch/model/layers.py", "lineno": 46, "tensor": "up2_block_0_conv"}}
:::MLLOG {"namespace": "", "time_ms": 1630680458467, "event_type": "POINT_IN_TIME", "key": "weights_initialization", "value": null, "metadata": {"file": "/home/changseok/gitmlperf/training/image_segmentation/pytorch/model/layers.py", "lineno": 49, "tensor": "up2_block_0_instancenorm"}}
:::MLLOG {"namespace": "", "time_ms": 1630680458471, "event_type": "POINT_IN_TIME", "key": "weights_initialization", "value": null, "metadata": {"file": "/home/changseok/gitmlperf/training/image_segmentation/pytorch/model/layers.py", "lineno": 46, "tensor": "up2_block_1_conv"}}
:::MLLOG {"namespace": "", "time_ms": 1630680458471, "event_type": "POINT_IN_TIME", "key": "weights_initialization", "value": null, "metadata": {"file": "/home/changseok/gitmlperf/training/image_segmentation/pytorch/model/layers.py", "lineno": 49, "tensor": "up2_block_1_instancenorm"}}
:::MLLOG {"namespace": "", "time_ms": 1630680458472, "event_type": "POINT_IN_TIME", "key": "weights_initialization", "value": null, "metadata": {"file": "/home/changseok/gitmlperf/training/image_segmentation/pytorch/model/layers.py", "lineno": 46, "tensor": "up3_deconv"}}
:::MLLOG {"namespace": "", "time_ms": 1630680458474, "event_type": "POINT_IN_TIME", "key": "weights_initialization", "value": null, "metadata": {"file": "/home/changseok/gitmlperf/training/image_segmentation/pytorch/model/layers.py", "lineno": 46, "tensor": "up3_block_0_conv"}}
:::MLLOG {"namespace": "", "time_ms": 1630680458474, "event_type": "POINT_IN_TIME", "key": "weights_initialization", "value": null, "metadata": {"file": "/home/changseok/gitmlperf/training/image_segmentation/pytorch/model/layers.py", "lineno": 49, "tensor": "up3_block_0_instancenorm"}}
:::MLLOG {"namespace": "", "time_ms": 1630680458475, "event_type": "POINT_IN_TIME", "key": "weights_initialization", "value": null, "metadata": {"file": "/home/changseok/gitmlperf/training/image_segmentation/pytorch/model/layers.py", "lineno": 46, "tensor": "up3_block_1_conv"}}
:::MLLOG {"namespace": "", "time_ms": 1630680458475, "event_type": "POINT_IN_TIME", "key": "weights_initialization", "value": null, "metadata": {"file": "/home/changseok/gitmlperf/training/image_segmentation/pytorch/model/layers.py", "lineno": 49, "tensor": "up3_block_1_instancenorm"}}
:::MLLOG {"namespace": "", "time_ms": 1630680458476, "event_type": "POINT_IN_TIME", "key": "weights_initialization", "value": null, "metadata": {"file": "/home/changseok/gitmlperf/training/image_segmentation/pytorch/model/layers.py", "lineno": 46, "tensor": "up4_deconv"}}
:::MLLOG {"namespace": "", "time_ms": 1630680458476, "event_type": "POINT_IN_TIME", "key": "weights_initialization", "value": null, "metadata": {"file": "/home/changseok/gitmlperf/training/image_segmentation/pytorch/model/layers.py", "lineno": 46, "tensor": "up4_block_0_conv"}}
:::MLLOG {"namespace": "", "time_ms": 1630680458477, "event_type": "POINT_IN_TIME", "key": "weights_initialization", "value": null, "metadata": {"file": "/home/changseok/gitmlperf/training/image_segmentation/pytorch/model/layers.py", "lineno": 49, "tensor": "up4_block_0_instancenorm"}}
:::MLLOG {"namespace": "", "time_ms": 1630680458477, "event_type": "POINT_IN_TIME", "key": "weights_initialization", "value": null, "metadata": {"file": "/home/changseok/gitmlperf/training/image_segmentation/pytorch/model/layers.py", "lineno": 46, "tensor": "up4_block_1_conv"}}
:::MLLOG {"namespace": "", "time_ms": 1630680458477, "event_type": "POINT_IN_TIME", "key": "weights_initialization", "value": null, "metadata": {"file": "/home/changseok/gitmlperf/training/image_segmentation/pytorch/model/layers.py", "lineno": 49, "tensor": "up4_block_1_instancenorm"}}
:::MLLOG {"namespace": "", "time_ms": 1630680458478, "event_type": "POINT_IN_TIME", "key": "weights_initialization", "value": null, "metadata": {"file": "/home/changseok/gitmlperf/training/image_segmentation/pytorch/model/layers.py", "lineno": 110, "tensor": "output_conv"}}
:::MLLOG {"namespace": "", "time_ms": 1630680458508, "event_type": "INTERVAL_END", "key": "init_stop", "value": null, "metadata": {"file": "main.py", "lineno": 46}}
:::MLLOG {"namespace": "", "time_ms": 1630680458508, "event_type": "INTERVAL_START", "key": "run_start", "value": null, "metadata": {"file": "main.py", "lineno": 47}}
:::MLLOG {"namespace": "", "time_ms": 1630680458518, "event_type": "POINT_IN_TIME", "key": "train_samples", "value": 168, "metadata": {"file": "/home/changseok/gitmlperf/training/image_segmentation/pytorch/data_loading/data_loader.py", "lineno": 83}}
:::MLLOG {"namespace": "", "time_ms": 1630680458519, "event_type": "POINT_IN_TIME", "key": "eval_samples", "value": 42, "metadata": {"file": "/home/changseok/gitmlperf/training/image_segmentation/pytorch/data_loading/data_loader.py", "lineno": 84}}
:::MLLOG {"namespace": "", "time_ms": 1630680458519, "event_type": "POINT_IN_TIME", "key": "samples_per_epoch", "value": 168, "metadata": {"file": "/home/changseok/gitmlperf/training/image_segmentation/pytorch/data_loading/data_loader.py", "lineno": 90}}
:::MLLOG {"namespace": "", "time_ms": 1630680458519, "event_type": "POINT_IN_TIME", "key": "global_batch_size", "value": 4, "metadata": {"file": "main.py", "lineno": 49}}
:::MLLOG {"namespace": "", "time_ms": 1630680458520, "event_type": "POINT_IN_TIME", "key": "gradient_accumulation_steps", "value": 1, "metadata": {"file": "main.py", "lineno": 50}}
:::MLLOG {"namespace": "", "time_ms": 1630680461438, "event_type": "INTERVAL_START", "key": "block_start", "value": null, "metadata": {"file": "/home/changseok/gitmlperf/training/image_segmentation/pytorch/runtime/training.py", "lineno": 62, "first_epoch_num": 1, "epoch_count": 1}}
:::MLLOG {"namespace": "", "time_ms": 1630680461439, "event_type": "INTERVAL_START", "key": "epoch_start", "value": null, "metadata": {"file": "/home/changseok/gitmlperf/training/image_segmentation/pytorch/runtime/training.py", "lineno": 64, "epoch_num": 1}}
  0%|          | 0/42 [00:00<?, ?it/s]  2%|▏         | 1/42 [00:16<11:00, 16.10s/it]  5%|▍         | 2/42 [00:17<04:57,  7.44s/it]  7%|▋         | 3/42 [00:18<03:01,  4.66s/it] 10%|▉         | 4/42 [00:20<02:08,  3.37s/it] 12%|█▏        | 5/42 [00:21<01:38,  2.65s/it] 14%|█▍        | 6/42 [00:22<01:19,  2.21s/it]